2024-06-27 10:43:05 - Starting C:\Program Files\nodejs\node.exe  --harmony C:\andon-jfa-fonte-oficial\andon-jfa-fonte-oficial\website-tablet\node_modules\node-windows\lib\wrapper.js --file C:\andon-jfa-fonte-oficial\andon-jfa-fonte-oficial\website-tablet\src\app\express.js --scriptoptions= --log "tabletfonte wrapper" --grow 0.25 --wait 1 --maxrestarts 3 --abortonerror n --stopparentfirst undefined
2024-06-27 10:43:05 - Started 4172
2024-06-27 11:15:35 - Stopping tabletfonte.exe
2024-06-27 11:15:35 - ProcessKill 4172
2024-06-27 11:15:35 - Shutdown exception
Message:O sistema está sendo desligado.

Stacktrace:   em System.Runtime.InteropServices.Marshal.ThrowExceptionForHRInternal(Int32 errorCode, IntPtr errorInfo)
   em System.Management.ManagementScope.InitializeGuts(Object o)
   em System.Management.ManagementScope.Initialize()
   em System.Management.ManagementObjectSearcher.Initialize()
   em System.Management.ManagementObjectSearcher.Get()
   em winsw.WrapperService.GetChildPids(Int32 pid)
   em winsw.WrapperService.StopProcessAndChildren(Int32 pid)
   em winsw.WrapperService.StopIt()
   em winsw.WrapperService.OnShutdown()
2024-06-27 11:16:04 - Starting C:\Program Files\nodejs\node.exe  --harmony C:\andon-jfa-fonte-oficial\andon-jfa-fonte-oficial\website-tablet\node_modules\node-windows\lib\wrapper.js --file C:\andon-jfa-fonte-oficial\andon-jfa-fonte-oficial\website-tablet\src\app\express.js --scriptoptions= --log "tabletfonte wrapper" --grow 0.25 --wait 1 --maxrestarts 3 --abortonerror n --stopparentfirst undefined
2024-06-27 11:16:04 - Started 7468
2024-07-05 12:09:22 - Starting C:\Program Files\nodejs\node.exe  --harmony C:\andon-jfa-fonte-oficial\andon-jfa-fonte-oficial\website-tablet\node_modules\node-windows\lib\wrapper.js --file C:\andon-jfa-fonte-oficial\andon-jfa-fonte-oficial\website-tablet\src\app\express.js --scriptoptions= --log "tabletfonte wrapper" --grow 0.25 --wait 1 --maxrestarts 3 --abortonerror n --stopparentfirst undefined
2024-07-05 12:09:22 - Started 126624
2024-07-11 15:12:06 - Stopping tabletfonte.exe
2024-07-11 15:12:06 - ProcessKill 126624
2024-07-11 15:12:07 - Shutdown exception
Message:O sistema está sendo desligado.

Stacktrace:   em System.Runtime.InteropServices.Marshal.ThrowExceptionForHRInternal(Int32 errorCode, IntPtr errorInfo)
   em System.Management.ManagementScope.InitializeGuts(Object o)
   em System.Management.ManagementScope.Initialize()
   em System.Management.ManagementObjectSearcher.Initialize()
   em System.Management.ManagementObjectSearcher.Get()
   em winsw.WrapperService.GetChildPids(Int32 pid)
   em winsw.WrapperService.StopProcessAndChildren(Int32 pid)
   em winsw.WrapperService.StopIt()
   em winsw.WrapperService.OnShutdown()
2024-07-11 15:12:32 - Starting C:\Program Files\nodejs\node.exe  --harmony C:\andon-jfa-fonte-oficial\andon-jfa-fonte-oficial\website-tablet\node_modules\node-windows\lib\wrapper.js --file C:\andon-jfa-fonte-oficial\andon-jfa-fonte-oficial\website-tablet\src\app\express.js --scriptoptions= --log "tabletfonte wrapper" --grow 0.25 --wait 1 --maxrestarts 3 --abortonerror n --stopparentfirst undefined
2024-07-11 15:12:32 - Started 7132
2024-07-11 15:37:48 - Stopping tabletfonte.exe
2024-07-11 15:37:48 - ProcessKill 7132
2024-07-11 15:37:48 - Shutdown exception
Message:O sistema está sendo desligado.

Stacktrace:   em System.Runtime.InteropServices.Marshal.ThrowExceptionForHRInternal(Int32 errorCode, IntPtr errorInfo)
   em System.Management.ManagementScope.InitializeGuts(Object o)
   em System.Management.ManagementScope.Initialize()
   em System.Management.ManagementObjectSearcher.Initialize()
   em System.Management.ManagementObjectSearcher.Get()
   em winsw.WrapperService.GetChildPids(Int32 pid)
   em winsw.WrapperService.StopProcessAndChildren(Int32 pid)
   em winsw.WrapperService.StopIt()
   em winsw.WrapperService.OnShutdown()
2024-07-11 15:38:29 - Starting C:\Program Files\nodejs\node.exe  --harmony C:\andon-jfa-fonte-oficial\andon-jfa-fonte-oficial\website-tablet\node_modules\node-windows\lib\wrapper.js --file C:\andon-jfa-fonte-oficial\andon-jfa-fonte-oficial\website-tablet\src\app\express.js --scriptoptions= --log "tabletfonte wrapper" --grow 0.25 --wait 1 --maxrestarts 3 --abortonerror n --stopparentfirst undefined
2024-07-11 15:38:29 - Started 7940
2024-07-25 13:02:16 - Stopping tabletfonte.exe
2024-07-25 13:02:16 - ProcessKill 7940
2024-07-25 13:02:16 - Shutdown exception
Message:O sistema está sendo desligado.

Stacktrace:   em System.Runtime.InteropServices.Marshal.ThrowExceptionForHRInternal(Int32 errorCode, IntPtr errorInfo)
   em System.Management.ManagementScope.InitializeGuts(Object o)
   em System.Management.ManagementScope.Initialize()
   em System.Management.ManagementObjectSearcher.Initialize()
   em System.Management.ManagementObjectSearcher.Get()
   em winsw.WrapperService.GetChildPids(Int32 pid)
   em winsw.WrapperService.StopProcessAndChildren(Int32 pid)
   em winsw.WrapperService.StopIt()
   em winsw.WrapperService.OnShutdown()
2024-07-25 13:02:42 - Starting C:\Program Files\nodejs\node.exe  --harmony C:\andon-jfa-fonte-oficial\andon-jfa-fonte-oficial\website-tablet\node_modules\node-windows\lib\wrapper.js --file C:\andon-jfa-fonte-oficial\andon-jfa-fonte-oficial\website-tablet\src\app\express.js --scriptoptions= --log "tabletfonte wrapper" --grow 0.25 --wait 1 --maxrestarts 3 --abortonerror n --stopparentfirst undefined
2024-07-25 13:02:42 - Started 7936
2024-08-15 12:54:59 - Starting C:\Program Files\nodejs\node.exe  --harmony C:\andon-jfa-fonte-oficial\andon-jfa-fonte-oficial\website-tablet\node_modules\node-windows\lib\wrapper.js --file C:\andon-jfa-fonte-oficial\andon-jfa-fonte-oficial\website-tablet\src\app\express.js --scriptoptions= --log "tabletfonte wrapper" --grow 0.25 --wait 1 --maxrestarts 3 --abortonerror n --stopparentfirst undefined
2024-08-15 12:54:59 - Started 8812
2024-08-22 07:03:50 - Starting C:\Program Files\nodejs\node.exe  --harmony C:\andon-jfa-fonte-oficial\andon-jfa-fonte-oficial\website-tablet\node_modules\node-windows\lib\wrapper.js --file C:\andon-jfa-fonte-oficial\andon-jfa-fonte-oficial\website-tablet\src\app\express.js --scriptoptions= --log "tabletfonte wrapper" --grow 0.25 --wait 1 --maxrestarts 3 --abortonerror n --stopparentfirst undefined
2024-08-22 07:03:50 - Started 8028
2024-08-31 12:47:16 - Starting C:\Program Files\nodejs\node.exe  --harmony C:\andon-jfa-fonte-oficial\andon-jfa-fonte-oficial\website-tablet\node_modules\node-windows\lib\wrapper.js --file C:\andon-jfa-fonte-oficial\andon-jfa-fonte-oficial\website-tablet\src\app\express.js --scriptoptions= --log "tabletfonte wrapper" --grow 0.25 --wait 1 --maxrestarts 3 --abortonerror n --stopparentfirst undefined
2024-08-31 12:47:16 - Started 7380
2024-09-12 12:44:55 - Stopping tabletfonte.exe
2024-09-12 12:44:55 - ProcessKill 7380
2024-09-12 12:44:55 - Shutdown exception
Message:Classe não registrada

Stacktrace:   em System.Runtime.InteropServices.Marshal.ThrowExceptionForHRInternal(Int32 errorCode, IntPtr errorInfo)
   em System.Management.ManagementScope.InitializeGuts(Object o)
   em System.Management.ManagementScope.Initialize()
   em System.Management.ManagementObjectSearcher.Initialize()
   em System.Management.ManagementObjectSearcher.Get()
   em winsw.WrapperService.GetChildPids(Int32 pid)
   em winsw.WrapperService.StopProcessAndChildren(Int32 pid)
   em winsw.WrapperService.StopIt()
   em winsw.WrapperService.OnShutdown()
2024-09-12 12:45:19 - Starting C:\Program Files\nodejs\node.exe  --harmony C:\andon-jfa-fonte-oficial\andon-jfa-fonte-oficial\website-tablet\node_modules\node-windows\lib\wrapper.js --file C:\andon-jfa-fonte-oficial\andon-jfa-fonte-oficial\website-tablet\src\app\express.js --scriptoptions= --log "tabletfonte wrapper" --grow 0.25 --wait 1 --maxrestarts 3 --abortonerror n --stopparentfirst undefined
2024-09-12 12:45:19 - Started 6688
2024-10-03 12:50:41 - Starting C:\Program Files\nodejs\node.exe  --harmony C:\andon-jfa-fonte-oficial\andon-jfa-fonte-oficial\website-tablet\node_modules\node-windows\lib\wrapper.js --file C:\andon-jfa-fonte-oficial\andon-jfa-fonte-oficial\website-tablet\src\app\express.js --scriptoptions= --log "tabletfonte wrapper" --grow 0.25 --wait 1 --maxrestarts 3 --abortonerror n --stopparentfirst undefined
2024-10-03 12:50:41 - Started 5804
